# JRE version: Java(TM) SE Runtime Environment (8.0_202-b08) (build 1.8.0_202-b08)
# Java VM: Java HotSpot(TM) 64-Bit Server VM (25.202-b08 mixed mode windows-amd64 compressed oops)
Heap:
 PSYoungGen      total 163840K, used 127213K [0x00000000d5f80000, 0x00000000e1880000, 0x0000000100000000)
  eden space 153600K, 76% used [0x00000000d5f80000,0x00000000dd1bbf98,0x00000000df580000)
  from space 10240K, 99% used [0x00000000e0e80000,0x00000000e187f6b0,0x00000000e1880000)
  to   space 11776K, 0% used [0x00000000e0180000,0x00000000e0180000,0x00000000e0d00000)
 ParOldGen       total 85504K, used 14880K [0x0000000081e00000, 0x0000000087180000, 0x00000000d5f80000)
  object space 85504K, 17% used [0x0000000081e00000,0x0000000082c88098,0x0000000087180000)
 Metaspace       used 51599K, capacity 54860K, committed 55080K, reserved 1097728K
  class space    used 7097K, capacity 7682K, committed 7728K, reserved 1048576K
GC Heap History (10 events):
Event: 4.641 GC heap before
{Heap before GC invocations=6 (full 1):
 PSYoungGen      total 71680K, used 66506K [0x00000000d5f80000, 0x00000000daa80000, 0x0000000100000000)
  eden space 66560K, 99% used [0x00000000d5f80000,0x00000000da072b70,0x00000000da080000)
  from space 5120K, 0% used [0x00000000da580000,0x00000000da580000,0x00000000daa80000)
  to   space 5120K, 0% used [0x00000000da080000,0x00000000da080000,0x00000000da580000)
 ParOldGen       total 53760K, used 6029K [0x0000000081e00000, 0x0000000085280000, 0x00000000d5f80000)
  object space 53760K, 11% used [0x0000000081e00000,0x00000000823e37c8,0x0000000085280000)
 Metaspace       used 22966K, capacity 24598K, committed 24880K, reserved 1071104K
  class space    used 3013K, capacity 3323K, committed 3376K, reserved 1048576K
Event: 4.648 GC heap after
Heap after GC invocations=6 (full 1):
 PSYoungGen      total 71680K, used 4594K [0x00000000d5f80000, 0x00000000dda00000, 0x0000000100000000)
  eden space 66560K, 0% used [0x00000000d5f80000,0x00000000d5f80000,0x00000000da080000)
  from space 5120K, 89% used [0x00000000da080000,0x00000000da4fca98,0x00000000da580000)
  to   space 8192K, 0% used [0x00000000dd200000,0x00000000dd200000,0x00000000dda00000)
 ParOldGen       total 53760K, used 6029K [0x0000000081e00000, 0x0000000085280000, 0x00000000d5f80000)
  object space 53760K, 11% used [0x0000000081e00000,0x00000000823e37c8,0x0000000085280000)
 Metaspace       used 22966K, capacity 24598K, committed 24880K, reserved 1071104K
  class space    used 3013K, capacity 3323K, committed 3376K, reserved 1048576K
}
Event: 6.870 GC heap before
{Heap before GC invocations=7 (full 1):
 PSYoungGen      total 71680K, used 71154K [0x00000000d5f80000, 0x00000000dda00000, 0x0000000100000000)
  eden space 66560K, 100% used [0x00000000d5f80000,0x00000000da080000,0x00000000da080000)
  from space 5120K, 89% used [0x00000000da080000,0x00000000da4fca98,0x00000000da580000)
  to   space 8192K, 0% used [0x00000000dd200000,0x00000000dd200000,0x00000000dda00000)
 ParOldGen       total 53760K, used 6029K [0x0000000081e00000, 0x0000000085280000, 0x00000000d5f80000)
  object space 53760K, 11% used [0x0000000081e00000,0x00000000823e37c8,0x0000000085280000)
 Metaspace       used 26841K, capacity 28816K, committed 28976K, reserved 1075200K
  class space    used 3522K, capacity 3869K, committed 3888K, reserved 1048576K
Event: 6.906 GC heap after
Heap after GC invocations=7 (full 1):
 PSYoungGen      total 115200K, used 7622K [0x00000000d5f80000, 0x00000000dd980000, 0x0000000100000000)
  eden space 107520K, 0% used [0x00000000d5f80000,0x00000000d5f80000,0x00000000dc880000)
  from space 7680K, 99% used [0x00000000dd200000,0x00000000dd9719a0,0x00000000dd980000)
  to   space 8704K, 0% used [0x00000000dc880000,0x00000000dc880000,0x00000000dd100000)
 ParOldGen       total 53760K, used 6037K [0x0000000081e00000, 0x0000000085280000, 0x00000000d5f80000)
  object space 53760K, 11% used [0x0000000081e00000,0x00000000823e57c8,0x0000000085280000)
 Metaspace       used 26841K, capacity 28816K, committed 28976K, reserved 1075200K
  class space    used 3522K, capacity 3869K, committed 3888K, reserved 1048576K
}
Event: 9.364 GC heap before
{Heap before GC invocations=8 (full 1):
 PSYoungGen      total 115200K, used 87785K [0x00000000d5f80000, 0x00000000dd980000, 0x0000000100000000)
  eden space 107520K, 74% used [0x00000000d5f80000,0x00000000dadc8af0,0x00000000dc880000)
  from space 7680K, 99% used [0x00000000dd200000,0x00000000dd9719a0,0x00000000dd980000)
  to   space 8704K, 0% used [0x00000000dc880000,0x00000000dc880000,0x00000000dd100000)
 ParOldGen       total 53760K, used 6037K [0x0000000081e00000, 0x0000000085280000, 0x00000000d5f80000)
  object space 53760K, 11% used [0x0000000081e00000,0x00000000823e57c8,0x0000000085280000)
 Metaspace       used 33080K, capacity 35364K, committed 35496K, reserved 1079296K
  class space    used 4362K, capacity 4779K, committed 4784K, reserved 1048576K
Event: 9.382 GC heap after
Heap after GC invocations=8 (full 1):
 PSYoungGen      total 116224K, used 8682K [0x00000000d5f80000, 0x00000000e1880000, 0x0000000100000000)
  eden space 107520K, 0% used [0x00000000d5f80000,0x00000000d5f80000,0x00000000dc880000)
  from space 8704K, 99% used [0x00000000dc880000,0x00000000dd0fa8e8,0x00000000dd100000)
  to   space 10240K, 0% used [0x00000000e0e80000,0x00000000e0e80000,0x00000000e1880000)
 ParOldGen       total 53760K, used 6896K [0x0000000081e00000, 0x0000000085280000, 0x00000000d5f80000)
  object space 53760K, 12% used [0x0000000081e00000,0x00000000824bc208,0x0000000085280000)
 Metaspace       used 33080K, capacity 35364K, committed 35496K, reserved 1079296K
  class space    used 4362K, capacity 4779K, committed 4784K, reserved 1048576K
}
Event: 9.382 GC heap before
{Heap before GC invocations=9 (full 2):
 PSYoungGen      total 116224K, used 8682K [0x00000000d5f80000, 0x00000000e1880000, 0x0000000100000000)
  eden space 107520K, 0% used [0x00000000d5f80000,0x00000000d5f80000,0x00000000dc880000)
  from space 8704K, 99% used [0x00000000dc880000,0x00000000dd0fa8e8,0x00000000dd100000)
  to   space 10240K, 0% used [0x00000000e0e80000,0x00000000e0e80000,0x00000000e1880000)
 ParOldGen       total 53760K, used 6896K [0x0000000081e00000, 0x0000000085280000, 0x00000000d5f80000)
  object space 53760K, 12% used [0x0000000081e00000,0x00000000824bc208,0x0000000085280000)
 Metaspace       used 33080K, capacity 35364K, committed 35496K, reserved 1079296K
  class space    used 4362K, capacity 4779K, committed 4784K, reserved 1048576K
Event: 9.521 GC heap after
Heap after GC invocations=9 (full 2):
 PSYoungGen      total 116224K, used 0K [0x00000000d5f80000, 0x00000000e1880000, 0x0000000100000000)
  eden space 107520K, 0% used [0x00000000d5f80000,0x00000000d5f80000,0x00000000dc880000)
  from space 8704K, 0% used [0x00000000dc880000,0x00000000dc880000,0x00000000dd100000)
  to   space 10240K, 0% used [0x00000000e0e80000,0x00000000e0e80000,0x00000000e1880000)
 ParOldGen       total 85504K, used 13745K [0x0000000081e00000, 0x0000000087180000, 0x00000000d5f80000)
  object space 85504K, 16% used [0x0000000081e00000,0x0000000082b6c4f8,0x0000000087180000)
 Metaspace       used 33080K, capacity 35364K, committed 35496K, reserved 1079296K
  class space    used 4362K, capacity 4779K, committed 4784K, reserved 1048576K
}
Event: 12.886 GC heap before
{Heap before GC invocations=10 (full 2):
 PSYoungGen      total 116224K, used 107520K [0x00000000d5f80000, 0x00000000e1880000, 0x0000000100000000)
  eden space 107520K, 100% used [0x00000000d5f80000,0x00000000dc880000,0x00000000dc880000)
  from space 8704K, 0% used [0x00000000dc880000,0x00000000dc880000,0x00000000dd100000)
  to   space 10240K, 0% used [0x00000000e0e80000,0x00000000e0e80000,0x00000000e1880000)
 ParOldGen       total 85504K, used 13745K [0x0000000081e00000, 0x0000000087180000, 0x00000000d5f80000)
  object space 85504K, 16% used [0x0000000081e00000,0x0000000082b6c4f8,0x0000000087180000)
 Metaspace       used 43061K, capacity 45610K, committed 45864K, reserved 1089536K
  class space    used 5841K, capacity 6331K, committed 6448K, reserved 1048576K
Event: 12.906 GC heap after
Heap after GC invocations=10 (full 2):
 PSYoungGen      total 163840K, used 10237K [0x00000000d5f80000, 0x00000000e1880000, 0x0000000100000000)
  eden space 153600K, 0% used [0x00000000d5f80000,0x00000000d5f80000,0x00000000df580000)
  from space 10240K, 99% used [0x00000000e0e80000,0x00000000e187f6b0,0x00000000e1880000)
  to   space 11776K, 0% used [0x00000000e0180000,0x00000000e0180000,0x00000000e0d00000)
 ParOldGen       total 85504K, used 14880K [0x0000000081e00000, 0x0000000087180000, 0x00000000d5f80000)
  object space 85504K, 17% used [0x0000000081e00000,0x0000000082c88098,0x0000000087180000)
 Metaspace       used 43061K, capacity 45610K, committed 45864K, reserved 1089536K
  class space    used 5841K, capacity 6331K, committed 6448K, reserved 1048576K
}

