# JRE version: Java(TM) SE Runtime Environment (8.0_202-b08) (build 1.8.0_202-b08)
# Java VM: Java HotSpot(TM) 64-Bit Server VM (25.202-b08 mixed mode windows-amd64 compressed oops)
Heap:
 PSYoungGen      total 110080K, used 16508K [0x00000000d5f80000, 0x00000000def80000, 0x0000000100000000)
  eden space 105984K, 11% used [0x00000000d5f80000,0x00000000d6be41f0,0x00000000dc700000)
  from space 4096K, 93% used [0x00000000deb80000,0x00000000def3afc0,0x00000000def80000)
  to   space 10752K, 0% used [0x00000000dda80000,0x00000000dda80000,0x00000000de500000)
 ParOldGen       total 62464K, used 11850K [0x0000000081e00000, 0x0000000085b00000, 0x00000000d5f80000)
  object space 62464K, 18% used [0x0000000081e00000,0x0000000082992b58,0x0000000085b00000)
 Metaspace       used 25304K, capacity 26268K, committed 26368K, reserved 1073152K
  class space    used 3068K, capacity 3307K, committed 3328K, reserved 1048576K
GC Heap History (10 events):
Event: 7.772 GC heap before
{Heap before GC invocations=5 (full 0):
 PSYoungGen      total 38400K, used 38368K [0x00000000d5f80000, 0x00000000daa80000, 0x0000000100000000)
  eden space 33280K, 100% used [0x00000000d5f80000,0x00000000d8000000,0x00000000d8000000)
  from space 5120K, 99% used [0x00000000d8500000,0x00000000d89f8020,0x00000000d8a00000)
  to   space 5120K, 0% used [0x00000000d8000000,0x00000000d8000000,0x00000000d8500000)
 ParOldGen       total 87552K, used 10183K [0x0000000081e00000, 0x0000000087380000, 0x00000000d5f80000)
  object space 87552K, 11% used [0x0000000081e00000,0x00000000827f1e08,0x0000000087380000)
 Metaspace       used 19317K, capacity 20006K, committed 20224K, reserved 1067008K
  class space    used 2367K, capacity 2552K, committed 2560K, reserved 1048576K
Event: 7.794 GC heap after
Heap after GC invocations=5 (full 0):
 PSYoungGen      total 38400K, used 5088K [0x00000000d5f80000, 0x00000000db580000, 0x0000000100000000)
  eden space 33280K, 0% used [0x00000000d5f80000,0x00000000d5f80000,0x00000000d8000000)
  from space 5120K, 99% used [0x00000000d8000000,0x00000000d84f8020,0x00000000d8500000)
  to   space 10752K, 0% used [0x00000000dab00000,0x00000000dab00000,0x00000000db580000)
 ParOldGen       total 87552K, used 12099K [0x0000000081e00000, 0x0000000087380000, 0x00000000d5f80000)
  object space 87552K, 13% used [0x0000000081e00000,0x00000000829d0c50,0x0000000087380000)
 Metaspace       used 19317K, capacity 20006K, committed 20224K, reserved 1067008K
  class space    used 2367K, capacity 2552K, committed 2560K, reserved 1048576K
}
Event: 8.899 GC heap before
{Heap before GC invocations=6 (full 0):
 PSYoungGen      total 38400K, used 38368K [0x00000000d5f80000, 0x00000000db580000, 0x0000000100000000)
  eden space 33280K, 100% used [0x00000000d5f80000,0x00000000d8000000,0x00000000d8000000)
  from space 5120K, 99% used [0x00000000d8000000,0x00000000d84f8020,0x00000000d8500000)
  to   space 10752K, 0% used [0x00000000dab00000,0x00000000dab00000,0x00000000db580000)
 ParOldGen       total 87552K, used 12099K [0x0000000081e00000, 0x0000000087380000, 0x00000000d5f80000)
  object space 87552K, 13% used [0x0000000081e00000,0x00000000829d0c50,0x0000000087380000)
 Metaspace       used 20187K, capacity 21000K, committed 21120K, reserved 1067008K
  class space    used 2446K, capacity 2639K, committed 2688K, reserved 1048576K
Event: 8.944 GC heap after
Heap after GC invocations=6 (full 0):
 PSYoungGen      total 76288K, used 7152K [0x00000000d5f80000, 0x00000000db480000, 0x0000000100000000)
  eden space 66560K, 0% used [0x00000000d5f80000,0x00000000d5f80000,0x00000000da080000)
  from space 9728K, 73% used [0x00000000dab00000,0x00000000db1fc030,0x00000000db480000)
  to   space 10240K, 0% used [0x00000000da080000,0x00000000da080000,0x00000000daa80000)
 ParOldGen       total 87552K, used 12107K [0x0000000081e00000, 0x0000000087380000, 0x00000000d5f80000)
  object space 87552K, 13% used [0x0000000081e00000,0x00000000829d2c50,0x0000000087380000)
 Metaspace       used 20187K, capacity 21000K, committed 21120K, reserved 1067008K
  class space    used 2446K, capacity 2639K, committed 2688K, reserved 1048576K
}
Event: 9.606 GC heap before
{Heap before GC invocations=7 (full 0):
 PSYoungGen      total 76288K, used 26943K [0x00000000d5f80000, 0x00000000db480000, 0x0000000100000000)
  eden space 66560K, 29% used [0x00000000d5f80000,0x00000000d72d3c60,0x00000000da080000)
  from space 9728K, 73% used [0x00000000dab00000,0x00000000db1fc030,0x00000000db480000)
  to   space 10240K, 0% used [0x00000000da080000,0x00000000da080000,0x00000000daa80000)
 ParOldGen       total 87552K, used 12107K [0x0000000081e00000, 0x0000000087380000, 0x00000000d5f80000)
  object space 87552K, 13% used [0x0000000081e00000,0x00000000829d2c50,0x0000000087380000)
 Metaspace       used 20370K, capacity 21218K, committed 21296K, reserved 1069056K
  class space    used 2451K, capacity 2644K, committed 2688K, reserved 1048576K
Event: 9.649 GC heap after
Heap after GC invocations=7 (full 0):
 PSYoungGen      total 76800K, used 5248K [0x00000000d5f80000, 0x00000000df580000, 0x0000000100000000)
  eden space 66560K, 0% used [0x00000000d5f80000,0x00000000d5f80000,0x00000000da080000)
  from space 10240K, 51% used [0x00000000da080000,0x00000000da5a0020,0x00000000daa80000)
  to   space 10240K, 0% used [0x00000000deb80000,0x00000000deb80000,0x00000000df580000)
 ParOldGen       total 87552K, used 13847K [0x0000000081e00000, 0x0000000087380000, 0x00000000d5f80000)
  object space 87552K, 15% used [0x0000000081e00000,0x0000000082b85f58,0x0000000087380000)
 Metaspace       used 20370K, capacity 21218K, committed 21296K, reserved 1069056K
  class space    used 2451K, capacity 2644K, committed 2688K, reserved 1048576K
}
Event: 9.649 GC heap before
{Heap before GC invocations=8 (full 1):
 PSYoungGen      total 76800K, used 5248K [0x00000000d5f80000, 0x00000000df580000, 0x0000000100000000)
  eden space 66560K, 0% used [0x00000000d5f80000,0x00000000d5f80000,0x00000000da080000)
  from space 10240K, 51% used [0x00000000da080000,0x00000000da5a0020,0x00000000daa80000)
  to   space 10240K, 0% used [0x00000000deb80000,0x00000000deb80000,0x00000000df580000)
 ParOldGen       total 87552K, used 13847K [0x0000000081e00000, 0x0000000087380000, 0x00000000d5f80000)
  object space 87552K, 15% used [0x0000000081e00000,0x0000000082b85f58,0x0000000087380000)
 Metaspace       used 20370K, capacity 21218K, committed 21296K, reserved 1069056K
  class space    used 2451K, capacity 2644K, committed 2688K, reserved 1048576K
Event: 9.802 GC heap after
Heap after GC invocations=8 (full 1):
 PSYoungGen      total 76800K, used 0K [0x00000000d5f80000, 0x00000000df580000, 0x0000000100000000)
  eden space 66560K, 0% used [0x00000000d5f80000,0x00000000d5f80000,0x00000000da080000)
  from space 10240K, 0% used [0x00000000da080000,0x00000000da080000,0x00000000daa80000)
  to   space 10240K, 0% used [0x00000000deb80000,0x00000000deb80000,0x00000000df580000)
 ParOldGen       total 62464K, used 11842K [0x0000000081e00000, 0x0000000085b00000, 0x00000000d5f80000)
  object space 62464K, 18% used [0x0000000081e00000,0x0000000082990b58,0x0000000085b00000)
 Metaspace       used 20370K, capacity 21218K, committed 21296K, reserved 1069056K
  class space    used 2451K, capacity 2644K, committed 2688K, reserved 1048576K
}
Event: 11.928 GC heap before
{Heap before GC invocations=9 (full 1):
 PSYoungGen      total 76800K, used 66524K [0x00000000d5f80000, 0x00000000df580000, 0x0000000100000000)
  eden space 66560K, 99% used [0x00000000d5f80000,0x00000000da077250,0x00000000da080000)
  from space 10240K, 0% used [0x00000000da080000,0x00000000da080000,0x00000000daa80000)
  to   space 10240K, 0% used [0x00000000deb80000,0x00000000deb80000,0x00000000df580000)
 ParOldGen       total 62464K, used 11842K [0x0000000081e00000, 0x0000000085b00000, 0x00000000d5f80000)
  object space 62464K, 18% used [0x0000000081e00000,0x0000000082990b58,0x0000000085b00000)
 Metaspace       used 25007K, capacity 25980K, committed 26112K, reserved 1073152K
  class space    used 3044K, capacity 3275K, committed 3328K, reserved 1048576K
Event: 11.940 GC heap after
Heap after GC invocations=9 (full 1):
 PSYoungGen      total 110080K, used 3819K [0x00000000d5f80000, 0x00000000def80000, 0x0000000100000000)
  eden space 105984K, 0% used [0x00000000d5f80000,0x00000000d5f80000,0x00000000dc700000)
  from space 4096K, 93% used [0x00000000deb80000,0x00000000def3afc0,0x00000000def80000)
  to   space 10752K, 0% used [0x00000000dda80000,0x00000000dda80000,0x00000000de500000)
 ParOldGen       total 62464K, used 11850K [0x0000000081e00000, 0x0000000085b00000, 0x00000000d5f80000)
  object space 62464K, 18% used [0x0000000081e00000,0x0000000082992b58,0x0000000085b00000)
 Metaspace       used 25007K, capacity 25980K, committed 26112K, reserved 1073152K
  class space    used 3044K, capacity 3275K, committed 3328K, reserved 1048576K
}

